[2017-07-30 10:35:07] [L3-INFO ]: User CClassMember signed up for event with id 1
[2017-07-30 10:35:07] [L4-DEBUG]: getAllUpcomingEvents returned 3 rows
[2017-07-30 10:35:07] [L4-DEBUG]: getEventIdsByUser returned 1 results for userid=15
[2017-07-30 10:36:06] [L3-INFO ]: User CClassMember logged out
[2017-07-30 10:37:03] [L4-DEBUG]: Authentication successful: type=1, uuid=17, username=AClassMember
[2017-07-30 10:37:03] [L3-INFO ]: User aclassmember logged in
[2017-07-30 10:37:06] [L4-DEBUG]: getAllUpcomingEvents returned 3 rows
[2017-07-30 10:37:06] [L4-DEBUG]: getEventIdsByUser returned 0 results for userid=17
[2017-07-30 10:37:10] [L3-INFO ]: User AClassMember logged out
[2017-07-30 10:37:16] [L4-DEBUG]: Authentication successful: type=1, uuid=15, username=CClassMember
[2017-07-30 10:37:16] [L3-INFO ]: User cclassmember logged in
[2017-07-30 10:37:17] [L4-DEBUG]: getAllUpcomingEvents returned 3 rows
[2017-07-30 10:37:17] [L4-DEBUG]: getEventIdsByUser returned 1 results for userid=15
[2017-07-30 10:42:11] [L3-INFO ]: User CClassMember cancelled signup for event with id 1
[2017-07-30 10:42:11] [L4-DEBUG]: getAllUpcomingEvents returned 3 rows
[2017-07-30 10:42:11] [L4-DEBUG]: getEventIdsByUser returned 1 results for userid=15
[2017-07-30 10:42:16] [L4-DEBUG]: getAllUpcomingEvents returned 3 rows
[2017-07-30 10:42:16] [L4-DEBUG]: getEventIdsByUser returned 1 results for userid=15
[2017-07-30 10:42:37] [L3-INFO ]: User CClassMember cancelled signup for event with id 1
[2017-07-30 10:42:37] [L4-DEBUG]: getAllUpcomingEvents returned 3 rows
[2017-07-30 10:42:37] [L4-DEBUG]: getEventIdsByUser returned 1 results for userid=15
[2017-07-30 10:43:45] [L3-INFO ]: User CClassMember cancelled signup for event with id 1
[2017-07-30 10:49:06] [L4-DEBUG]: getAllUpcomingEvents returned 3 rows
[2017-07-30 10:49:06] [L4-DEBUG]: getEventIdsByUser returned 1 results for userid=15
[2017-07-30 10:49:09] [L3-INFO ]: User CClassMember cancelled signup for event with id 1
[2017-07-30 10:49:09] [L4-DEBUG]: getAllUpcomingEvents returned 3 rows
[2017-07-30 10:49:09] [L4-DEBUG]: getEventIdsByUser returned 0 results for userid=15
[2017-07-30 10:49:26] [L3-INFO ]: User CClassMember signed up for event with id 3
[2017-07-30 10:49:26] [L4-DEBUG]: getAllUpcomingEvents returned 3 rows
[2017-07-30 10:49:26] [L4-DEBUG]: getEventIdsByUser returned 1 results for userid=15
[2017-07-30 10:49:32] [L3-INFO ]: User CClassMember cancelled signup for event with id 3
[2017-07-30 10:49:32] [L4-DEBUG]: getAllUpcomingEvents returned 3 rows
[2017-07-30 10:49:32] [L4-DEBUG]: getEventIdsByUser returned 0 results for userid=15
[2017-07-30 10:53:02] [L4-DEBUG]: getAllCurrentRankData called with order=0
[2017-07-30 10:54:37] [L4-DEBUG]: getAllUpcomingEvents returned 3 rows
[2017-07-30 10:54:37] [L4-DEBUG]: getEventIdsByUser returned 0 results for userid=15
[2017-07-30 10:54:43] [L3-INFO ]: User CClassMember logged out
[2017-07-30 10:54:45] [L4-DEBUG]: getProfilesByUsername called with search=, staffonly=
[2017-07-30 10:54:53] [L4-DEBUG]: getAllUpcomingEvents returned 3 rows
[2017-07-30 10:54:53] [L4-DEBUG]: getEventIdsByUser called for guest, returning an empty array.
[2017-07-30 11:20:48] [L4-DEBUG]: Authentication successful: type=3, uuid=26, username=ClubPresident
[2017-07-30 11:20:48] [L3-INFO ]: User clubpresident logged in
[2017-07-30 11:32:59] [L3-INFO ]: User ClubPresident logged out
[2017-07-30 11:33:02] [L4-DEBUG]: getAllUpcomingEvents returned 3 rows
[2017-07-30 11:33:02] [L4-DEBUG]: getEventIdsByUser called for guest, returning an empty array.
[2017-07-30 13:43:35] [L4-DEBUG]: getAllUpcomingEvents returned 3 rows
[2017-07-30 13:43:35] [L4-DEBUG]: getEventIdsByUser called for guest, returning an empty array.
[2017-07-30 13:44:00] [L3-INFO ]: Guest signed up for event with id 1 using name Capt. Largecock
[2017-07-30 13:44:02] [L4-DEBUG]: getAllUpcomingEvents returned 3 rows
[2017-07-30 13:44:02] [L4-DEBUG]: getEventIdsByUser called for guest, returning an empty array.
[2017-07-30 13:48:20] [L2-WARN ]: Login failed for user webpaster- name not valid
[2017-07-30 13:48:22] [L4-DEBUG]: getAllUpcomingEvents returned 3 rows
[2017-07-30 13:48:22] [L4-DEBUG]: getEventIdsByUser called for guest, returning an empty array.
[2017-07-30 13:49:10] [L4-DEBUG]: Authentication successful: type=4, uuid=1, username=webmaster
[2017-07-30 13:49:10] [L3-INFO ]: User webmaster logged in
[2017-07-30 14:13:08] [L3-INFO ]: User webmaster logged out
[2017-07-30 14:36:56] [L4-DEBUG]: getAllUpcomingEvents returned 3 rows
[2017-07-30 14:36:56] [L4-DEBUG]: getEventIdsByUser called for guest, returning an empty array.
[2017-07-30 14:37:14] [L4-DEBUG]: getAllUpcomingEvents returned 3 rows
[2017-07-30 14:37:14] [L4-DEBUG]: getEventIdsByUser called for guest, returning an empty array.
[2017-07-30 14:37:16] [L4-DEBUG]: getAllUpcomingEvents returned 3 rows
[2017-07-30 14:37:16] [L4-DEBUG]: getEventIdsByUser called for guest, returning an empty array.
[2017-07-30 14:47:40] [L4-DEBUG]: getProfilesByUsername called with search=, staffonly=
[2017-07-30 17:11:15] [L4-DEBUG]: getAllUpcomingEvents returned 3 rows
[2017-07-30 17:11:15] [L4-DEBUG]: getEventIdsByUser called for guest, returning an empty array.
[2017-07-30 17:11:25] [L4-DEBUG]: Authentication successful: type=4, uuid=1, username=webmaster
[2017-07-30 17:11:25] [L3-INFO ]: User webmaster logged in
[2017-07-30 17:43:54] [L1-ERROR]: getGuestListByEvent Failed for event_id=1
[2017-07-30 17:43:54] [L1-ERROR]: MySQL Error: Column 'uuid' in field list is ambiguous
[2017-07-30 17:47:01] [L4-DEBUG]: getGuestListByEvent returned 1 rows for event id=1
[2017-07-30 17:48:47] [L1-ERROR]: getGuestListByEvent Failed for event_id=1
[2017-07-30 17:48:47] [L1-ERROR]: MySQL Error: You have an error in your SQL syntax; check the manual that corresponds to your MariaDB server version for the right syntax to use near 'OUTER JOIN user_authentication ON event_user_signup.uuid = user_authentication.u' at line 2
[2017-07-30 17:50:23] [L4-DEBUG]: getGuestListByEvent returned 1 rows for event id=1
[2017-07-30 17:50:39] [L4-DEBUG]: getGuestListByEvent returned 2 rows for event id=1
[2017-07-30 17:51:39] [L4-DEBUG]: getGuestListByEvent returned 2 rows for event id=1
[2017-07-30 17:52:48] [L4-DEBUG]: getGuestListByEvent returned 2 rows for event id=1
[2017-07-30 17:53:16] [L4-DEBUG]: getGuestListByEvent returned 2 rows for event id=1
[2017-07-30 17:53:48] [L3-INFO ]: User webmaster logged out
[2017-07-30 17:53:56] [L4-DEBUG]: Authentication successful: type=1, uuid=15, username=CClassMember
[2017-07-30 17:53:56] [L3-INFO ]: User cclassmember logged in
[2017-07-30 17:53:59] [L4-DEBUG]: getAllUpcomingEvents returned 3 rows
[2017-07-30 17:53:59] [L4-DEBUG]: getEventIdsByUser returned 1 results for userid=15
[2017-07-30 17:56:43] [L3-INFO ]: User CClassMember logged out
[2017-07-30 17:57:16] [L4-DEBUG]: Authentication successful: type=3, uuid=26, username=ClubPresident
[2017-07-30 17:57:16] [L3-INFO ]: User clubpresident logged in
[2017-07-30 17:57:30] [L4-DEBUG]: getGuestListByEvent returned 2 rows for event id=1
[2017-07-30 18:05:15] [L4-DEBUG]: getGuestListByEvent returned 2 rows for event id=1
[2017-07-30 18:05:26] [L3-INFO ]: User ClubPresident logged out
[2017-07-30 18:05:30] [L3-INFO ]: Error page was displayed with e=401
[2017-07-30 18:06:46] [L4-DEBUG]: getProfilesByUsername called with search=, staffonly=
[2017-07-30 18:07:02] [L4-DEBUG]: getAllUpcomingEvents returned 3 rows
[2017-07-30 18:07:02] [L4-DEBUG]: getEventIdsByUser called for guest, returning an empty array.
[2017-08-01 12:35:40] [L4-DEBUG]: Authentication successful: type=1, uuid=13, username=EClassMember
[2017-08-01 12:35:40] [L3-INFO ]: User eclassmember logged in
[2017-08-01 12:36:05] [L4-DEBUG]: getAllCurrentRankData called with order=0
[2017-08-01 12:36:14] [L4-DEBUG]: getProfilesByUsername called with search=, staffonly=
[2017-08-01 12:39:21] [L3-INFO ]: Error page was displayed with e=401
[2017-08-01 12:39:36] [L3-INFO ]: Error page was displayed with e=400
[2017-08-01 12:39:58] [L4-DEBUG]: getProfilesByUsername called with search=, staffonly=
[2017-08-01 12:40:19] [L4-DEBUG]: PollChoices size=3, value=Array
[2017-08-01 12:40:33] [L4-DEBUG]: getAllUpcomingEvents returned 2 rows
[2017-08-01 12:40:33] [L4-DEBUG]: getEventIdsByUser returned 0 results for userid=13
[2017-08-01 12:40:59] [L3-INFO ]: User EClassMember signed up for event with id 4
[2017-08-01 12:40:59] [L4-DEBUG]: getAllUpcomingEvents returned 2 rows
[2017-08-01 12:40:59] [L4-DEBUG]: getEventIdsByUser returned 1 results for userid=13
[2017-08-01 12:49:44] [L4-DEBUG]: getAllUpcomingEvents returned 2 rows
[2017-08-01 12:49:44] [L4-DEBUG]: getEventIdsByUser returned 1 results for userid=13
[2017-08-01 12:49:50] [L4-DEBUG]: getAllCurrentRankData called with order=0
[2017-08-01 19:04:29] [L4-DEBUG]: getAllUpcomingEvents returned 2 rows
[2017-08-01 19:04:29] [L4-DEBUG]: getEventIdsByUser returned 1 results for userid=13
[2017-08-01 19:38:59] [L3-INFO ]: User EClassMember logged out
[2017-08-01 19:39:06] [L4-DEBUG]: Authentication successful: type=4, uuid=1, username=webmaster
[2017-08-01 19:39:06] [L3-INFO ]: User webmaster logged in
[2017-08-01 19:45:21] [L4-DEBUG]: getGuestListByEvent returned 2 rows for event id=1
[2017-08-01 19:45:27] [L4-DEBUG]: getGuestListByEvent returned 1 rows for event id=4
[2017-08-01 20:36:28] [L4-DEBUG]: getAllUpcomingEvents returned 2 rows
[2017-08-01 20:36:28] [L4-DEBUG]: getEventIdsByUser returned 0 results for userid=1
[2017-08-01 20:36:32] [L3-INFO ]: User webmaster signed up for event with id 3
[2017-08-01 20:36:32] [L4-DEBUG]: getAllUpcomingEvents returned 2 rows
[2017-08-01 20:36:32] [L4-DEBUG]: getEventIdsByUser returned 1 results for userid=1
[2017-08-01 20:36:36] [L3-INFO ]: User webmaster cancelled signup for event with id 3
[2017-08-01 20:36:37] [L4-DEBUG]: getAllUpcomingEvents returned 2 rows
[2017-08-01 20:36:37] [L4-DEBUG]: getEventIdsByUser returned 0 results for userid=1
[2017-08-01 20:39:19] [L3-INFO ]: User webmaster signed up for event with id 3
[2017-08-01 20:39:19] [L4-DEBUG]: getAllUpcomingEvents returned 2 rows
[2017-08-01 20:39:19] [L4-DEBUG]: getEventIdsByUser returned 1 results for userid=1
[2017-08-01 20:39:34] [L4-DEBUG]: getAllUpcomingEvents returned 2 rows
[2017-08-01 20:39:34] [L4-DEBUG]: getEventIdsByUser returned 1 results for userid=1
[2017-08-02 12:13:50] [L4-DEBUG]: getProfilesByUsername called with search=, staffonly=
[2017-08-02 12:14:44] [L4-DEBUG]: Authentication successful: type=4, uuid=1, username=webmaster
[2017-08-02 12:14:44] [L3-INFO ]: User webmaster logged in
[2017-08-02 19:17:39] [L4-DEBUG]: getAllUpcomingEvents returned 2 rows
[2017-08-02 19:17:39] [L4-DEBUG]: getEventIdsByUser returned 1 results for userid=1
[2017-08-02 19:17:52] [L4-DEBUG]: getGuestListByEvent returned 1 rows for event id=3
[2017-08-02 19:18:39] [L4-DEBUG]: getAllUpcomingEvents returned 2 rows
[2017-08-02 19:19:44] [L4-DEBUG]: getAllUpcomingEvents returned 2 rows
[2017-08-02 19:21:07] [L4-DEBUG]: getAllUpcomingEvents returned 2 rows
[2017-08-02 19:21:27] [L4-DEBUG]: getAllUpcomingEvents returned 2 rows
[2017-08-02 19:21:40] [L4-DEBUG]: getAllUpcomingEvents returned 2 rows
[2017-08-02 19:22:59] [L4-DEBUG]: getAllUpcomingEvents returned 2 rows
[2017-08-02 19:23:52] [L3-INFO ]: User webmaster logged out
[2017-08-02 19:23:52] [L4-DEBUG]: getAllUpcomingEvents returned 2 rows
[2017-08-02 19:24:12] [L4-DEBUG]: getAllUpcomingEvents returned 2 rows
[2017-08-02 19:24:22] [L4-DEBUG]: getAllUpcomingEvents returned 2 rows
[2017-08-02 19:25:19] [L4-DEBUG]: getAllUpcomingEvents returned 2 rows
[2017-08-02 19:26:15] [L4-DEBUG]: getAllUpcomingEvents returned 2 rows
[2017-08-02 19:26:32] [L4-DEBUG]: getAllUpcomingEvents returned 2 rows
[2017-08-02 19:27:12] [L4-DEBUG]: getAllUpcomingEvents returned 2 rows
[2017-08-02 19:29:48] [L4-DEBUG]: getAllUpcomingEvents returned 2 rows
[2017-08-02 19:32:12] [L4-DEBUG]: getAllUpcomingEvents returned 2 rows
[2017-08-02 19:33:14] [L4-DEBUG]: getAllUpcomingEvents returned 2 rows
[2017-08-02 19:50:14] [L4-DEBUG]: getAllUpcomingEvents returned 2 rows
[2017-08-02 19:50:14] [L4-DEBUG]: getEventIdsByUser called for guest, returning an empty array.
[2017-08-02 19:50:35] [L4-DEBUG]: getAllUpcomingEvents returned 2 rows
[2017-08-02 19:50:35] [L4-DEBUG]: getEventIdsByUser called for guest, returning an empty array.
[2017-08-02 19:50:42] [L4-DEBUG]: getAllUpcomingEvents returned 2 rows
[2017-08-02 20:34:04] [L4-DEBUG]: getAllUpcomingEvents returned 2 rows
[2017-08-02 21:31:52] [L4-DEBUG]: Authentication successful: type=4, uuid=1, username=webmaster
[2017-08-02 21:31:52] [L3-INFO ]: User webmaster logged in
[2017-08-02 21:31:52] [L4-DEBUG]: getAllUpcomingEvents returned 2 rows
[2017-08-02 21:33:35] [L3-INFO ]: A new event was created by webmaster: 
[2017-08-02 21:33:35] [L4-DEBUG]: getAllUpcomingEvents returned 3 rows
[2017-08-02 21:33:35] [L4-DEBUG]: getEventIdsByUser returned 1 results for userid=1
[2017-08-02 21:39:21] [L3-INFO ]: A new event was created by webmaster: September Advanced Training
[2017-08-02 21:39:21] [L4-DEBUG]: getAllUpcomingEvents returned 3 rows
[2017-08-02 21:39:21] [L4-DEBUG]: getEventIdsByUser returned 1 results for userid=1
[2017-08-02 21:43:26] [L4-DEBUG]: getAllUpcomingEvents returned 3 rows
[2017-08-02 21:44:19] [L4-DEBUG]: getAllUpcomingEvents returned 3 rows
[2017-08-02 21:44:19] [L4-DEBUG]: getEventIdsByUser returned 1 results for userid=1
[2017-08-02 21:44:22] [L3-INFO ]: User webmaster logged out
[2017-08-02 21:44:22] [L4-DEBUG]: getAllUpcomingEvents returned 3 rows
[2017-08-02 21:52:18] [L4-DEBUG]: getAllUpcomingEvents returned 2 rows
[2017-08-02 21:52:38] [L4-DEBUG]: getAllUpcomingEvents returned 2 rows
[2017-08-02 21:52:38] [L4-DEBUG]: getEventIdsByUser called for guest, returning an empty array.
[2017-08-02 21:52:50] [L4-DEBUG]: getProfilesByUsername called with search=, staffonly=
[2017-08-02 21:54:14] [L4-DEBUG]: getProfilesByUsername called with search=, staffonly=
[2017-08-02 21:55:40] [L3-INFO ]: New user Bradley1 self-registered successfully
[2017-08-02 21:55:43] [L4-DEBUG]: getAllUpcomingEvents returned 2 rows
[2017-08-02 21:56:06] [L4-DEBUG]: getProfilesByUsername called with search=, staffonly=
[2017-08-02 21:57:15] [L3-INFO ]: New user Bradley2 self-registered successfully
[2017-08-02 21:57:18] [L4-DEBUG]: getAllUpcomingEvents returned 2 rows
[2017-08-02 21:57:21] [L4-DEBUG]: getProfilesByUsername called with search=, staffonly=
[2017-08-02 21:58:33] [L4-DEBUG]: getProfilesByUsername called with search=, staffonly=
[2017-08-02 22:00:30] [L3-INFO ]: New user Bradley3 self-registered successfully
[2017-08-02 22:00:33] [L4-DEBUG]: getAllUpcomingEvents returned 2 rows
[2017-08-02 22:00:36] [L4-DEBUG]: getProfilesByUsername called with search=, staffonly=
[2017-08-02 22:01:27] [L4-DEBUG]: getProfilesByUsername called with search=, staffonly=
[2017-08-02 22:02:16] [L3-INFO ]: New user Gunnar1 self-registered successfully
[2017-08-02 22:02:19] [L4-DEBUG]: getAllUpcomingEvents returned 2 rows
[2017-08-02 22:02:22] [L4-DEBUG]: getProfilesByUsername called with search=, staffonly=
[2017-08-02 22:03:20] [L4-DEBUG]: getAllUpcomingEvents returned 2 rows
[2017-08-02 22:03:20] [L4-DEBUG]: getEventIdsByUser called for guest, returning an empty array.
[2017-08-02 22:03:31] [L4-DEBUG]: getAllUpcomingEvents returned 2 rows
[2017-08-02 22:03:31] [L4-DEBUG]: getEventIdsByUser called for guest, returning an empty array.
[2017-08-02 22:03:56] [L4-DEBUG]: getAllUpcomingEvents returned 2 rows
[2017-08-02 22:06:36] [L3-INFO ]: New user Gunnar2 self-registered successfully
[2017-08-02 22:06:37] [L3-INFO ]: New user Gunnar2 self-registered successfully
[2017-08-02 22:06:40] [L4-DEBUG]: getAllUpcomingEvents returned 2 rows
[2017-08-02 22:07:31] [L3-INFO ]: New user Gunnar3 self-registered successfully
[2017-08-02 22:07:34] [L4-DEBUG]: getAllUpcomingEvents returned 2 rows
[2017-08-02 22:07:37] [L4-DEBUG]: getProfilesByUsername called with search=, staffonly=
[2017-08-02 22:07:56] [L4-DEBUG]: getProfilesByUsername called with search=, staffonly=
[2017-08-02 22:09:56] [L4-DEBUG]: getProfilesByUsername called with search=, staffonly=
[2017-08-02 22:10:41] [L4-DEBUG]: getAllUpcomingEvents returned 2 rows
[2017-08-02 22:11:09] [L4-DEBUG]: Authentication successful: type=1, uuid=32, username=Gunnar2
[2017-08-02 22:11:09] [L3-INFO ]: User Gunnar2 logged in
[2017-08-02 22:11:10] [L4-DEBUG]: getAllUpcomingEvents returned 2 rows
[2017-08-02 22:11:26] [L4-DEBUG]: PollChoices size=4, value=Array
[2017-08-02 22:11:35] [L4-DEBUG]: getAllCurrentRankData called with order=0
[2017-08-02 22:11:53] [L4-DEBUG]: getAllUpcomingEvents returned 2 rows
[2017-08-02 22:11:53] [L4-DEBUG]: getEventIdsByUser returned 0 results for userid=32
[2017-08-02 22:12:05] [L3-INFO ]: User Gunnar2 logged out
[2017-08-02 22:12:06] [L4-DEBUG]: getAllUpcomingEvents returned 2 rows
[2017-08-02 22:12:42] [L3-INFO ]: New user Jacob1 self-registered successfully
[2017-08-02 22:12:44] [L4-DEBUG]: getAllUpcomingEvents returned 2 rows
[2017-08-02 22:12:49] [L4-DEBUG]: getProfilesByUsername called with search=, staffonly=
[2017-08-02 22:14:02] [L3-INFO ]: New user Jacob2 self-registered successfully
[2017-08-02 22:14:05] [L4-DEBUG]: getAllUpcomingEvents returned 2 rows
[2017-08-02 22:14:09] [L4-DEBUG]: getProfilesByUsername called with search=, staffonly=
[2017-08-02 22:15:16] [L3-INFO ]: New user Jacob3 self-registered successfully
[2017-08-02 22:15:18] [L4-DEBUG]: getAllUpcomingEvents returned 2 rows
[2017-08-02 22:15:21] [L4-DEBUG]: getProfilesByUsername called with search=, staffonly=
[2017-08-02 22:16:19] [L4-DEBUG]: getProfilesByUsername called with search=, staffonly=
[2017-08-02 22:20:09] [L4-DEBUG]: getProfilesByUsername called with search=, staffonly=
[2017-08-02 22:20:16] [L4-DEBUG]: Authentication successful: type=4, uuid=1, username=Derek1
[2017-08-02 22:20:16] [L3-INFO ]: User derek1 logged in
[2017-08-02 22:20:17] [L4-DEBUG]: getAllUpcomingEvents returned 2 rows
[2017-08-02 22:20:22] [L4-DEBUG]: getAllCurrentRankData called with order=0
[2017-08-02 22:20:50] [L4-DEBUG]: getAllUpcomingEvents returned 2 rows
[2017-08-02 22:20:50] [L4-DEBUG]: getEventIdsByUser returned 1 results for userid=1
[2017-08-02 22:20:59] [L3-INFO ]: User Derek1 logged out
[2017-08-02 22:21:00] [L4-DEBUG]: getAllUpcomingEvents returned 2 rows
[2017-08-02 22:22:45] [L4-DEBUG]: getAllUpcomingEvents returned 2 rows
[2017-08-02 22:23:47] [L4-DEBUG]: getAllUpcomingEvents returned 2 rows
[2017-08-02 22:23:55] [L4-DEBUG]: getAllUpcomingEvents returned 2 rows
[2017-08-02 22:23:55] [L4-DEBUG]: getEventIdsByUser called for guest, returning an empty array.
[2017-08-02 22:24:03] [L4-DEBUG]: getProfilesByUsername called with search=, staffonly=
[2017-08-02 22:24:11] [L4-DEBUG]: getAllUpcomingEvents returned 2 rows
[2017-08-02 22:30:02] [L4-DEBUG]: getAllUpcomingEvents returned 2 rows
[2017-08-02 22:30:28] [L4-DEBUG]: getProfilesByUsername called with search=, staffonly=
[2017-08-02 22:31:24] [L4-DEBUG]: getAllUpcomingEvents returned 2 rows
[2017-08-02 22:31:55] [L4-DEBUG]: getAllUpcomingEvents returned 2 rows
[2017-08-02 22:31:55] [L4-DEBUG]: getEventIdsByUser called for guest, returning an empty array.
[2017-08-02 22:32:16] [L4-DEBUG]: getAllUpcomingEvents returned 2 rows
[2017-08-02 22:32:16] [L4-DEBUG]: getEventIdsByUser called for guest, returning an empty array.
[2017-08-02 22:32:27] [L4-DEBUG]: Authentication successful: type=4, uuid=1, username=Derek1
[2017-08-02 22:32:27] [L3-INFO ]: User Derek1 logged in
[2017-08-02 22:32:28] [L4-DEBUG]: getAllUpcomingEvents returned 2 rows
[2017-08-02 22:33:01] [L3-INFO ]: User Derek1 logged out
[2017-08-02 22:33:02] [L4-DEBUG]: getAllUpcomingEvents returned 2 rows
[2017-08-03 12:32:50] [L1-ERROR]: MySQL Connection failed! SmashClub is down.
[2017-08-03 12:32:50] [L1-ERROR]: 
[2017-08-03 12:32:50] [L1-ERROR]: Season portlet has an error, you may have invalid data configuration.
[2017-08-03 12:32:50] [L1-ERROR]: Correct this error ASAP to avoid corrupting your rank records.
[2017-08-03 12:32:50] [L1-ERROR]: getAllUpcomingEvents failed
[2017-08-03 12:32:50] [L1-ERROR]: 
[2017-08-03 12:35:07] [L4-DEBUG]: getAllUpcomingEvents returned 3 rows
[2017-08-03 12:35:12] [L4-DEBUG]: getProfilesByUsername called with search=, staffonly=
[2017-08-04 18:18:30] [L3-INFO ]: Error page was displayed with e=401
[2017-08-04 18:18:33] [L4-DEBUG]: getAllUpcomingEvents returned 3 rows
[2017-08-04 18:18:46] [L4-DEBUG]: Authentication successful: type=4, uuid=1, username=webmaster
[2017-08-04 18:18:46] [L3-INFO ]: User webmaster logged in
[2017-08-04 18:18:46] [L4-DEBUG]: getAllUpcomingEvents returned 3 rows
