[2017-08-08 19:03:45] [L4-DEBUG]: Authentication successful: type=5, uuid=1, username=Administrator
[2017-08-08 19:03:45] [L3-INFO ]: User administrator logged in
[2017-08-08 19:03:45] [L4-DEBUG]: getAccountStatus returned 1 for user=administrator
[2017-08-08 19:03:45] [L3-INFO ]: User Administrator has expired password flag. Redirecting to password change form.
[2017-08-08 19:04:10] [L3-INFO ]: User Administrator successfully changed their password
[2017-08-08 19:04:10] [L3-INFO ]: User Administrator logged out
[2017-08-08 19:04:13] [L4-DEBUG]: getAllUpcomingEvents returned 4 rows
[2017-08-08 19:04:48] [L4-DEBUG]: Authentication successful: type=5, uuid=1, username=Administrator
[2017-08-08 19:04:48] [L3-INFO ]: User administrator logged in
[2017-08-08 19:04:48] [L4-DEBUG]: getAccountStatus returned 0 for user=administrator
[2017-08-08 19:04:48] [L4-DEBUG]: getAllUpcomingEvents returned 4 rows
[2017-08-08 19:08:33] [L4-DEBUG]: getAllUpcomingEvents returned 4 rows
[2017-08-08 19:08:36] [L4-DEBUG]: getProfilesByUsername called with search=, staffonly=
[2017-08-08 19:11:01] [L4-DEBUG]: getAllCurrentRankData called with order=0
[2017-08-08 19:11:23] [L4-DEBUG]: getAllCurrentRankData called with order=4
[2017-08-08 19:18:25] [L4-DEBUG]: getAllUpcomingEvents returned 4 rows
[2017-08-08 19:26:24] [L4-DEBUG]: getProfilesByUsername called with search=, staffonly=
[2017-08-08 19:27:04] [L4-DEBUG]: getAllCurrentRankData called with order=0
[2017-08-08 19:27:26] [L4-DEBUG]: getAllUpcomingEvents returned 4 rows
[2017-08-08 19:29:27] [L4-DEBUG]: getProfilesByUsername called with search=, staffonly=
[2017-08-08 19:33:30] [L4-DEBUG]: getProfilesByUsername called with search=, staffonly=
[2017-08-08 19:37:09] [L4-DEBUG]: getProfilesByUsername called with search=, staffonly=
[2017-08-08 19:37:41] [L4-DEBUG]: getProfilesByUsername called with search=, staffonly=
[2017-08-08 19:38:02] [L4-DEBUG]: getProfilesByUsername called with search=, staffonly=
[2017-08-08 19:40:46] [L4-DEBUG]: getProfilesByUsername called with search=, staffonly=
[2017-08-08 19:43:01] [L4-DEBUG]: getProfilesByUsername called with search=, staffonly=
[2017-08-08 19:50:41] [L4-DEBUG]: getAllUpcomingEvents returned 4 rows
[2017-08-08 19:50:41] [L4-DEBUG]: getEventIdsByUser returned 1 results for userid=1
[2017-08-08 20:40:41] [L4-DEBUG]: getProfilesByUsername called with search=, staffonly=
[2017-08-08 21:04:08] [L4-DEBUG]: getAllUpcomingEvents returned 4 rows
[2017-08-08 21:04:17] [L4-DEBUG]: getProfilesByUsername called with search=, staffonly=
[2017-08-08 23:03:44] [L4-DEBUG]: getProfilesByUsername called with search=, staffonly=
[2017-08-08 23:07:02] [L4-DEBUG]: getProfilesByUsername called with search=, staffonly=
[2017-08-08 23:07:51] [L4-DEBUG]: Entering compareUserAccess, user1=5, user2=22
[2017-08-08 23:07:51] [L4-DEBUG]: Running compareUserAccess, type1=, type2=2
[2017-08-08 23:10:01] [L4-DEBUG]: getProfilesByUsername called with search=, staffonly=
[2017-08-08 23:10:15] [L4-DEBUG]: Entering compareUserAccess, user1=1, user2=22
[2017-08-08 23:10:15] [L4-DEBUG]: Running compareUserAccess, type1=5, type2=2
[2017-08-08 23:10:15] [L3-INFO ]: User ID 22 was changed to account type 1 by Administrator
[2017-08-08 23:10:32] [L4-DEBUG]: getProfilesByUsername called with search=, staffonly=
[2017-08-08 23:11:14] [L3-INFO ]: User ID 22 was changed to account type 2 by Administrator
[2017-08-08 23:12:40] [L4-DEBUG]: getProfilesByUsername called with search=, staffonly=
[2017-08-08 23:12:44] [L4-DEBUG]: getProfilesByUsername called with search=, staffonly=
[2017-08-08 23:13:39] [L3-INFO ]: User ID 22 was changed to account type 2 by Administrator
[2017-08-08 23:14:50] [L4-DEBUG]: getProfilesByUsername called with search=, staffonly=
[2017-08-08 23:19:15] [L4-DEBUG]: getAllUpcomingEvents returned 4 rows
[2017-08-08 23:19:15] [L4-DEBUG]: getEventIdsByUser returned 1 results for userid=1
[2017-08-08 23:30:45] [L4-DEBUG]: getAllUpcomingEvents returned 4 rows
[2017-08-09 12:25:26] [L4-DEBUG]: getAllUpcomingEvents returned 4 rows
[2017-08-09 12:25:29] [L4-DEBUG]: getProfilesByUsername called with search=, staffonly=
[2017-08-09 12:32:33] [L2-WARN ]: Login failed for user administrator- name not valid
[2017-08-09 12:32:39] [L2-WARN ]: Login failed for user administrator- name not valid
[2017-08-09 12:33:56] [L4-DEBUG]: Authentication successful: type=5, uuid=1, username=TestRoot
[2017-08-09 12:33:56] [L3-INFO ]: User testroot logged in
[2017-08-09 12:33:56] [L4-DEBUG]: getAccountStatus returned 0 for user=testroot
[2017-08-09 12:33:56] [L4-DEBUG]: getAllUpcomingEvents returned 4 rows
[2017-08-09 12:35:21] [L4-DEBUG]: getProfilesByUsername called with search=, staffonly=
[2017-08-09 12:57:19] [L3-INFO ]: User TestRoot logged out
[2017-08-09 12:57:19] [L4-DEBUG]: getAllUpcomingEvents returned 4 rows
[2017-08-09 12:57:26] [L4-DEBUG]: Authentication successful: type=5, uuid=1, username=TestRoot
[2017-08-09 12:57:26] [L3-INFO ]: User testroot logged in
[2017-08-09 12:57:26] [L4-DEBUG]: getAccountStatus returned 0 for user=testroot
[2017-08-09 12:57:26] [L4-DEBUG]: getAllUpcomingEvents returned 4 rows
[2017-08-09 12:57:51] [L3-INFO ]: User TestRoot successfully changed their password
[2017-08-09 12:57:51] [L3-INFO ]: User TestRoot logged out
[2017-08-09 12:57:54] [L4-DEBUG]: getAllUpcomingEvents returned 4 rows
[2017-08-09 12:57:59] [L4-DEBUG]: Authentication successful: type=5, uuid=1, username=TestRoot
[2017-08-09 12:57:59] [L3-INFO ]: User testroot logged in
[2017-08-09 12:57:59] [L4-DEBUG]: getAccountStatus returned 0 for user=testroot
[2017-08-09 12:58:00] [L4-DEBUG]: getAllUpcomingEvents returned 4 rows
[2017-08-09 12:58:25] [L2-WARN ]: User ID 13 password was reset using a temporary password. TestRoot requested the reset and was shown the new password.
[2017-08-09 12:58:40] [L3-INFO ]: User TestRoot logged out
[2017-08-09 12:58:40] [L4-DEBUG]: getAllUpcomingEvents returned 4 rows
[2017-08-09 12:58:48] [L4-DEBUG]: Authentication successful: type=1, uuid=13, username=TestMember1
[2017-08-09 12:58:48] [L3-INFO ]: User testmember1 logged in
[2017-08-09 12:58:48] [L4-DEBUG]: getAccountStatus returned 1 for user=testmember1
[2017-08-09 12:58:48] [L3-INFO ]: User TestMember1 has expired password flag. Redirecting to password change form.
[2017-08-09 12:58:59] [L3-INFO ]: User TestMember1 successfully changed their password
[2017-08-09 12:58:59] [L3-INFO ]: User TestMember1 logged out
[2017-08-09 12:59:00] [L4-DEBUG]: getAllUpcomingEvents returned 4 rows
[2017-08-09 12:59:07] [L4-DEBUG]: Authentication successful: type=1, uuid=13, username=TestMember1
[2017-08-09 12:59:07] [L3-INFO ]: User testmember1 logged in
[2017-08-09 12:59:07] [L4-DEBUG]: getAccountStatus returned 0 for user=testmember1
[2017-08-09 12:59:08] [L4-DEBUG]: getAllUpcomingEvents returned 4 rows
[2017-08-09 13:00:28] [L3-INFO ]: User TestMember1 logged out
[2017-08-09 13:00:28] [L4-DEBUG]: getAllUpcomingEvents returned 4 rows
[2017-08-09 18:51:25] [L4-DEBUG]: getAllUpcomingEvents returned 4 rows
[2017-08-09 18:51:30] [L4-DEBUG]: getProfilesByUsername called with search=, staffonly=
[2017-08-09 18:51:35] [L3-INFO ]: User Administrator logged out
[2017-08-09 18:51:35] [L4-DEBUG]: getAllUpcomingEvents returned 4 rows
[2017-08-09 18:51:56] [L4-DEBUG]: Authentication successful: type=5, uuid=1, username=TestRoot
[2017-08-09 18:51:56] [L3-INFO ]: User TestRoot logged in
[2017-08-09 18:51:56] [L4-DEBUG]: getAccountStatus returned 0 for user=TestRoot
[2017-08-09 18:51:57] [L4-DEBUG]: getAllUpcomingEvents returned 4 rows
[2017-08-09 19:00:05] [L2-WARN ]: changePassword failed because old password was not valid.
[2017-08-09 19:01:47] [L3-INFO ]: User TestRoot successfully changed their password
[2017-08-09 19:01:47] [L3-INFO ]: User TestRoot logged out
[2017-08-09 19:01:49] [L4-DEBUG]: getAllUpcomingEvents returned 4 rows
[2017-08-09 19:02:06] [L4-DEBUG]: Authentication successful: type=5, uuid=1, username=TestRoot
[2017-08-09 19:02:06] [L3-INFO ]: User testroot logged in
[2017-08-09 19:02:06] [L4-DEBUG]: getAccountStatus returned 0 for user=testroot
[2017-08-09 19:02:07] [L4-DEBUG]: getAllUpcomingEvents returned 4 rows
[2017-08-09 19:03:28] [L4-DEBUG]: getProfilesByUsername called with search=, staffonly=
[2017-08-09 19:04:15] [L4-DEBUG]: getProfilesByUsername called with search=, staffonly=
[2017-08-09 19:04:45] [L2-WARN ]: User ID 13 password was reset using a temporary password. TestRoot requested the reset and was shown the new password.
[2017-08-09 19:04:59] [L3-INFO ]: User TestRoot logged out
[2017-08-09 19:05:00] [L4-DEBUG]: getAllUpcomingEvents returned 4 rows
[2017-08-09 19:05:07] [L2-WARN ]: Login failed for user TestMember1- incorrect password
[2017-08-09 19:05:10] [L4-DEBUG]: getAllUpcomingEvents returned 4 rows
[2017-08-09 19:05:14] [L4-DEBUG]: Authentication successful: type=1, uuid=13, username=TestMember1
[2017-08-09 19:05:14] [L3-INFO ]: User TestMember1 logged in
[2017-08-09 19:05:14] [L4-DEBUG]: getAccountStatus returned 1 for user=TestMember1
[2017-08-09 19:05:14] [L3-INFO ]: User TestMember1 has expired password flag. Redirecting to password change form.
[2017-08-09 19:05:29] [L3-INFO ]: User TestMember1 successfully changed their password
[2017-08-09 19:05:29] [L3-INFO ]: User TestMember1 logged out
[2017-08-09 19:05:32] [L4-DEBUG]: getAllUpcomingEvents returned 4 rows
[2017-08-09 19:06:58] [L4-DEBUG]: Authentication successful: type=1, uuid=13, username=TestMember1
[2017-08-09 19:06:58] [L3-INFO ]: User testmember1 logged in
[2017-08-09 19:06:58] [L4-DEBUG]: getAccountStatus returned 0 for user=testmember1
[2017-08-09 19:06:59] [L4-DEBUG]: getAllUpcomingEvents returned 4 rows
[2017-08-09 19:07:12] [L3-INFO ]: User TestMember1 logged out
[2017-08-09 19:07:13] [L4-DEBUG]: getAllUpcomingEvents returned 4 rows
[2017-08-09 19:13:25] [L4-DEBUG]: Authentication successful: type=5, uuid=1, username=TestRoot
[2017-08-09 19:13:25] [L3-INFO ]: User testroot logged in
[2017-08-09 19:13:25] [L4-DEBUG]: getAccountStatus returned 0 for user=testroot
[2017-08-09 19:13:26] [L4-DEBUG]: getAllUpcomingEvents returned 4 rows
[2017-08-09 19:57:44] [L4-DEBUG]: getAllUpcomingEvents returned 4 rows
[2017-08-09 19:57:49] [L3-INFO ]: User TestRoot logged out
[2017-08-09 19:57:49] [L4-DEBUG]: getAllUpcomingEvents returned 4 rows
[2017-08-09 19:57:57] [L4-DEBUG]: getAllUpcomingEvents returned 4 rows
[2017-08-09 19:58:17] [L4-DEBUG]: getAllUpcomingEvents returned 4 rows
[2017-08-09 19:58:42] [L4-DEBUG]: getAllUpcomingEvents returned 4 rows
[2017-08-09 20:00:20] [L4-DEBUG]: Authentication successful: type=5, uuid=1, username=TestRoot
[2017-08-09 20:00:20] [L3-INFO ]: User testroot logged in
[2017-08-09 20:00:20] [L4-DEBUG]: getAccountStatus returned 0 for user=testroot
[2017-08-09 20:00:21] [L4-DEBUG]: getAllUpcomingEvents returned 4 rows
[2017-08-09 20:11:46] [L4-DEBUG]: getAllUpcomingEvents returned 4 rows
[2017-08-09 22:01:42] [L4-DEBUG]: getAllUpcomingEvents returned 4 rows
[2017-08-09 22:01:53] [L4-DEBUG]: Authentication successful: type=5, uuid=1, username=TestRoot
[2017-08-09 22:01:53] [L3-INFO ]: User testroot logged in
[2017-08-09 22:01:53] [L4-DEBUG]: getAccountStatus returned 0 for user=testroot
[2017-08-09 22:01:54] [L4-DEBUG]: getAllUpcomingEvents returned 4 rows
[2017-08-09 22:36:06] [L4-DEBUG]: getAllUpcomingEvents returned 4 rows
[2017-08-09 23:10:34] [L4-DEBUG]: getAllUpcomingEvents returned 4 rows
[2017-08-09 23:10:37] [L4-DEBUG]: getProfilesByUsername called with search=, staffonly=
[2017-08-09 23:18:37] [L3-INFO ]: New user FleetingExistence self-registered successfully
[2017-08-09 23:18:37] [L3-INFO ]: Posted to activity feed with type: NEW_USER
[2017-08-09 23:18:40] [L4-DEBUG]: getAllUpcomingEvents returned 4 rows
[2017-08-09 23:18:43] [L4-DEBUG]: getProfilesByUsername called with search=, staffonly=
[2017-08-09 23:19:29] [L4-DEBUG]: getProfilesByUsername called with search=, staffonly=
[2017-08-09 23:21:10] [L4-DEBUG]: getProfilesByUsername called with search=, staffonly=
[2017-08-09 23:24:25] [L4-DEBUG]: Entering compareUserAccess, user1=1, user2=31
[2017-08-09 23:24:25] [L4-DEBUG]: Running compareUserAccess, type1=5, type2=1
[2017-08-09 23:24:25] [L3-INFO ]: User ID 31 was changed to account status: DISABLED by TestRoot
[2017-08-09 23:25:06] [L4-DEBUG]: getProfilesByUsername called with search=, staffonly=
[2017-08-09 23:25:10] [L4-DEBUG]: getProfilesByUsername called with search=, staffonly=
[2017-08-09 23:25:19] [L3-INFO ]: User ID 31 was changed to account status: ACTIVE by TestRoot
[2017-08-09 23:25:35] [L4-DEBUG]: getProfilesByUsername called with search=, staffonly=
[2017-08-09 23:26:06] [L4-DEBUG]: Entering compareUserAccess, user1=1, user2=31
[2017-08-09 23:26:06] [L4-DEBUG]: Running compareUserAccess, type1=5, type2=1
[2017-08-09 23:26:06] [L3-INFO ]: User ID 31 was changed to account status: BANNED by TestRoot
[2017-08-09 23:26:19] [L4-DEBUG]: getProfilesByUsername called with search=, staffonly=
[2017-08-09 23:26:39] [L4-DEBUG]: Entering compareUserAccess, user1=1, user2=31
[2017-08-09 23:26:39] [L4-DEBUG]: Running compareUserAccess, type1=5, type2=1
[2017-08-09 23:26:39] [L2-WARN ]: User account ID 31 was DELETED by TestRoot
[2017-08-09 23:27:00] [L4-DEBUG]: getProfilesByUsername called with search=, staffonly=
[2017-08-09 23:41:43] [L2-WARN ]: An attempt was made to run USER_DISABLE_SELF script from an unknown location.
[2017-08-09 23:41:43] [L3-INFO ]: User ID 1 was changed to account status: DISABLED by TestRoot
[2017-08-09 23:41:43] [L2-WARN ]: User TestRoot has disabled their account. An admin will need to be contacted to re-enable it.
[2017-08-09 23:41:43] [L3-INFO ]: User TestRoot logged out
[2017-08-09 23:41:48] [L4-DEBUG]: getAllUpcomingEvents returned 4 rows
[2017-08-09 23:42:54] [L4-DEBUG]: Authentication successful: type=5, uuid=1, username=TestRoot
[2017-08-09 23:42:54] [L3-INFO ]: User testroot logged in
[2017-08-09 23:42:54] [L4-DEBUG]: getAccountStatus returned 0 for user=testroot
[2017-08-09 23:42:55] [L4-DEBUG]: getAllUpcomingEvents returned 4 rows
[2017-08-09 23:42:58] [L4-DEBUG]: getProfilesByUsername called with search=, staffonly=
[2017-08-09 23:46:33] [L3-INFO ]: User ID 1 was changed to account status: DISABLED by TestRoot
[2017-08-09 23:46:33] [L2-WARN ]: User TestRoot has disabled their account. An admin will need to be contacted to re-enable it.
[2017-08-09 23:46:33] [L3-INFO ]: User TestRoot logged out
[2017-08-09 23:46:38] [L4-DEBUG]: getAllUpcomingEvents returned 4 rows
[2017-08-09 23:47:24] [L4-DEBUG]: Authentication successful: type=5, uuid=1, username=TestRoot
[2017-08-09 23:47:24] [L3-INFO ]: User testroot logged in
[2017-08-09 23:47:24] [L4-DEBUG]: getAccountStatus returned 0 for user=testroot
[2017-08-09 23:47:25] [L4-DEBUG]: getAllUpcomingEvents returned 4 rows
[2017-08-09 23:47:42] [L4-DEBUG]: getProfilesByUsername called with search=, staffonly=
[2017-08-09 23:49:01] [L2-WARN ]: An attempt was made to run USER_DISABLE_SELF script from an unknown location.
[2017-08-09 23:49:02] [L3-INFO ]: Error page was displayed with e=400
[2017-08-09 23:50:15] [L3-INFO ]: Error page was displayed with e=403
[2017-08-09 23:55:12] [L3-INFO ]: User TestRoot logged out
[2017-08-09 23:55:13] [L4-DEBUG]: getAllUpcomingEvents returned 4 rows
[2017-08-09 23:55:33] [L4-DEBUG]: getProfilesByUsername called with search=, staffonly=
[2017-08-09 23:57:59] [L4-DEBUG]: getAllUpcomingEvents returned 4 rows
[2017-08-09 23:57:59] [L4-DEBUG]: getEventIdsByUser called for guest, returning an empty array.
[2017-08-09 23:58:09] [L4-DEBUG]: getAllUpcomingEvents returned 4 rows
[2017-08-09 23:58:27] [L4-DEBUG]: getAllUpcomingEvents returned 4 rows
[2017-08-09 23:58:27] [L4-DEBUG]: getEventIdsByUser called for guest, returning an empty array.
[2017-08-10 00:02:08] [L3-INFO ]: Guest signed up for event with id 4 using name ryan
[2017-08-10 00:02:11] [L4-DEBUG]: getAllUpcomingEvents returned 4 rows
[2017-08-10 00:02:11] [L4-DEBUG]: getEventIdsByUser called for guest, returning an empty array.
[2017-08-10 00:02:22] [L4-DEBUG]: Authentication successful: type=5, uuid=1, username=TestRoot
[2017-08-10 00:02:22] [L3-INFO ]: User testroot logged in
[2017-08-10 00:02:22] [L4-DEBUG]: getAccountStatus returned 0 for user=testroot
[2017-08-10 00:02:23] [L4-DEBUG]: getAllUpcomingEvents returned 4 rows
[2017-08-10 00:02:36] [L4-DEBUG]: getGuestListByEvent returned 3 rows for event id=4
[2017-08-10 00:02:59] [L3-INFO ]: User TestRoot logged out
[2017-08-10 00:03:00] [L4-DEBUG]: getAllUpcomingEvents returned 4 rows
[2017-08-10 00:03:15] [L3-INFO ]: Error page was displayed with e=404
[2017-08-10 08:08:51] [L4-DEBUG]: getAllUpcomingEvents returned 4 rows
[2017-08-10 08:08:51] [L4-DEBUG]: getEventIdsByUser called for guest, returning an empty array.
[2017-08-10 08:18:53] [L4-DEBUG]: getProfilesByUsername called with search=, staffonly=
[2017-08-10 08:21:31] [L4-DEBUG]: getProfilesByUsername called with search=, staffonly=
[2017-08-10 08:22:21] [L4-DEBUG]: getProfilesByUsername called with search=, staffonly=
[2017-08-10 08:22:31] [L4-DEBUG]: getProfilesByUsername called with search=, staffonly=
[2017-08-10 08:24:26] [L4-DEBUG]: getProfilesByUsername called with search=, staffonly=
[2017-08-10 08:25:47] [L4-DEBUG]: getProfilesByUsername called with search=, staffonly=
[2017-08-10 08:27:54] [L4-DEBUG]: getProfilesByUsername called with search=, staffonly=
[2017-08-10 08:28:30] [L2-WARN ]: Login failed for user testmember1- incorrect password
[2017-08-10 08:28:39] [L4-DEBUG]: Authentication successful: type=1, uuid=13, username=TestMember1
[2017-08-10 08:28:39] [L3-INFO ]: User testmember1 logged in
[2017-08-10 08:28:39] [L4-DEBUG]: getAccountStatus returned 0 for user=testmember1
[2017-08-10 08:28:40] [L4-DEBUG]: getAllUpcomingEvents returned 4 rows
[2017-08-10 08:28:54] [L4-DEBUG]: getAllCurrentRankData called with order=0
[2017-08-10 08:29:33] [L4-DEBUG]: getAllUpcomingEvents returned 4 rows
[2017-08-10 08:29:33] [L4-DEBUG]: getEventIdsByUser returned 1 results for userid=13
[2017-08-10 08:29:53] [L4-DEBUG]: getAllUpcomingEvents returned 4 rows
[2017-08-10 08:29:53] [L4-DEBUG]: getEventIdsByUser returned 1 results for userid=13
[2017-08-10 08:30:49] [L4-DEBUG]: getAllUpcomingEvents returned 4 rows
[2017-08-10 08:30:49] [L4-DEBUG]: getEventIdsByUser returned 1 results for userid=13
[2017-08-10 08:30:58] [L3-INFO ]: User TestMember1 signed up for event with id 6
[2017-08-10 08:30:58] [L4-DEBUG]: getAllUpcomingEvents returned 4 rows
[2017-08-10 08:30:58] [L4-DEBUG]: getEventIdsByUser returned 2 results for userid=13
[2017-08-10 08:31:08] [L3-INFO ]: User TestMember1 logged out
[2017-08-10 08:31:09] [L4-DEBUG]: getAllUpcomingEvents returned 4 rows
[2017-08-10 08:31:16] [L2-WARN ]: Login failed for user testofficer- name not valid
[2017-08-10 08:31:18] [L4-DEBUG]: getAllUpcomingEvents returned 4 rows
[2017-08-10 08:31:22] [L4-DEBUG]: getProfilesByUsername called with search=, staffonly=
[2017-08-10 08:31:40] [L4-DEBUG]: Authentication successful: type=5, uuid=1, username=TestRoot
[2017-08-10 08:31:40] [L3-INFO ]: User testroot logged in
[2017-08-10 08:31:40] [L4-DEBUG]: getAccountStatus returned 0 for user=testroot
[2017-08-10 08:31:41] [L4-DEBUG]: getAllUpcomingEvents returned 4 rows
[2017-08-10 08:32:00] [L4-DEBUG]: Entering compareUserAccess, user1=1, user2=23
[2017-08-10 08:32:00] [L4-DEBUG]: Running compareUserAccess, type1=5, type2=3
[2017-08-10 08:32:00] [L2-WARN ]: User ID 23 password was reset using a temporary password. TestRoot requested the reset and was shown the new password.
[2017-08-10 08:32:15] [L3-INFO ]: User TestRoot logged out
[2017-08-10 08:32:16] [L4-DEBUG]: getAllUpcomingEvents returned 4 rows
[2017-08-10 08:32:24] [L4-DEBUG]: Authentication successful: type=3, uuid=23, username=TestOfficer1
[2017-08-10 08:32:24] [L3-INFO ]: User testofficer1 logged in
[2017-08-10 08:32:24] [L4-DEBUG]: getAccountStatus returned 1 for user=testofficer1
[2017-08-10 08:32:24] [L3-INFO ]: User TestOfficer1 has expired password flag. Redirecting to password change form.
[2017-08-10 08:33:01] [L3-INFO ]: User TestOfficer1 successfully changed their password
[2017-08-10 08:33:01] [L3-INFO ]: User TestOfficer1 logged out
[2017-08-10 08:33:03] [L4-DEBUG]: getAllUpcomingEvents returned 4 rows
[2017-08-10 08:33:12] [L4-DEBUG]: Authentication successful: type=3, uuid=23, username=TestOfficer1
[2017-08-10 08:33:12] [L3-INFO ]: User testofficer1 logged in
[2017-08-10 08:33:12] [L4-DEBUG]: getAccountStatus returned 0 for user=testofficer1
[2017-08-10 08:33:13] [L4-DEBUG]: getAllUpcomingEvents returned 4 rows
[2017-08-10 12:13:01] [L1-ERROR]: MySQL Connection failed! SmashClub is down.
[2017-08-10 12:13:01] [L1-ERROR]: 
[2017-08-10 12:13:04] [L1-ERROR]: MySQL Connection failed! SmashClub is down.
[2017-08-10 12:13:04] [L1-ERROR]: 
[2017-08-10 12:13:04] [L3-INFO ]: Error page was displayed with e=503
[2017-08-10 12:13:46] [L3-INFO ]: Error page was displayed with e=503
[2017-08-10 12:13:48] [L4-DEBUG]: getAllUpcomingEvents returned 4 rows
[2017-08-10 12:14:49] [L4-DEBUG]: getProfilesByUsername called with search=, staffonly=
[2017-08-10 12:17:11] [L4-DEBUG]: Authentication successful: type=1, uuid=13, username=TestMember1
[2017-08-10 12:17:11] [L3-INFO ]: User testmember1 logged in
[2017-08-10 12:17:11] [L4-DEBUG]: getAccountStatus returned 0 for user=testmember1
[2017-08-10 12:17:12] [L4-DEBUG]: getAllUpcomingEvents returned 4 rows
[2017-08-10 12:17:18] [L4-DEBUG]: getProfilesByUsername called with search=, staffonly=
[2017-08-10 12:18:36] [L4-DEBUG]: getProfilesByUsername called with search=, staffonly=
[2017-08-10 12:18:39] [L4-DEBUG]: getProfilesByUsername called with search=, staffonly=
[2017-08-10 12:26:39] [L4-DEBUG]: getProfilesByUsername called with search=, staffonly=
[2017-08-10 12:27:27] [L4-DEBUG]: getProfilesByUsername called with search=, staffonly=
[2017-08-10 12:27:55] [L4-DEBUG]: getProfilesByUsername called with search=, staffonly=
[2017-08-10 12:43:17] [L4-DEBUG]: getAllUpcomingEvents returned 4 rows
[2017-08-10 12:44:52] [L4-DEBUG]: getAllCurrentRankData called with order=0
[2017-08-10 12:45:14] [L4-DEBUG]: getProfilesByUsername called with search=, staffonly=
[2017-08-10 13:00:30] [L4-DEBUG]: getAllUpcomingEvents returned 4 rows
[2017-08-10 13:01:10] [L3-INFO ]: User TestMember1 logged out
[2017-08-10 13:01:10] [L4-DEBUG]: getAllUpcomingEvents returned 4 rows
[2017-08-10 13:01:17] [L4-DEBUG]: Authentication successful: type=5, uuid=1, username=TestRoot
[2017-08-10 13:01:17] [L3-INFO ]: User testroot logged in
[2017-08-10 13:01:17] [L4-DEBUG]: getAccountStatus returned 0 for user=testroot
[2017-08-10 13:01:17] [L4-DEBUG]: getAllUpcomingEvents returned 4 rows
[2017-08-10 13:02:00] [L3-INFO ]: User TestRoot logged out
[2017-08-10 13:02:00] [L4-DEBUG]: getAllUpcomingEvents returned 4 rows
[2017-08-10 13:02:03] [L4-DEBUG]: getProfilesByUsername called with search=, staffonly=
[2017-08-10 19:06:34] [L4-DEBUG]: getProfilesByUsername called with search=, staffonly=
[2017-08-10 19:10:09] [L4-DEBUG]: Authentication successful: type=1, uuid=13, username=TestMember1
[2017-08-10 19:10:09] [L3-INFO ]: User testmember1 logged in
[2017-08-10 19:10:09] [L4-DEBUG]: getAccountStatus returned 0 for user=testmember1
[2017-08-10 19:10:09] [L4-DEBUG]: getAllUpcomingEvents returned 4 rows
