[2017-07-23 03:14:16] [L3-NOTICE ]: User devmember01 logged in
[2017-07-23 03:14:43] [L3-NOTICE ]: User devmember01 logged out
[2017-07-23 03:14:56] [L2-WARNING]: Login failed for user smashclubdevadmin- incorrect password
[2017-07-23 03:15:30] [L4-DEBUG  ]: getAllUpcomingEvents returned 2 rows
[2017-07-23 03:16:40] [L1-SEVERE ]: User received the 500 Error page!
[2017-07-23 03:58:21] [L3-NOTICE ]: User devmember01 logged in
[2017-07-23 03:58:31] [L4-DEBUG  ]: Error page was loaded with e=401
[2017-07-23 04:16:51] [L3-NOTICE ]: User devmember01 logged out
[2017-07-23 04:16:59] [L3-NOTICE ]: User smashclubdevadmin logged in
[2017-07-23 04:17:16] [L4-DEBUG  ]: Error page was loaded with e=401
[2017-07-23 04:17:58] [L4-DEBUG  ]: Error page was loaded with e=401
[2017-07-23 04:53:10] [L3-NOTICE ]: User smashclubdevadmin logged out
[2017-07-23 04:53:22] [L2-WARNING]: Login failed for user devorganizer- incorrect password
[2017-07-23 04:54:14] [L3-NOTICE ]: User devorganizer logged in
[2017-07-23 04:54:49] [L3-NOTICE ]: User devorganizer logged out
[2017-07-23 04:55:16] [L4-DEBUG  ]: getAllUpcomingEvents returned 2 rows
[2017-07-23 05:13:13] [L4-DEBUG  ]: getAllUpcomingEvents returned 2 rows
[2017-07-23 05:13:21] [L3-NOTICE ]: User webmaster logged in
[2017-07-23 05:14:36] [L3-NOTICE ]: Admin registered new user EClassMember with user_type = 1
[2017-07-23 05:15:43] [L3-NOTICE ]: Admin registered new user DClassMember with user_type = 1
[2017-07-23 05:16:52] [L3-NOTICE ]: Admin registered new user CClassMember with user_type = 1
[2017-07-23 05:19:09] [L3-NOTICE ]: User webmaster logged out
[2017-07-23 05:19:19] [L3-NOTICE ]: User webmaster logged in
[2017-07-23 05:26:42] [L3-NOTICE ]: User webmaster logged out
[2017-07-23 05:26:50] [L3-NOTICE ]: User webmaster logged in
[2017-07-23 14:38:35] [L3-NOTICE ]: User webmaster logged out
[2017-07-23 14:48:31] [L3-NOTICE ]: User webmaster logged in
[2017-07-23 14:49:49] [L3-NOTICE ]: Admin registered new user BClassMember with user_type = 1
[2017-07-23 14:52:13] [L3-NOTICE ]: Admin registered new user AClassMember with user_type = 1
[2017-07-23 14:53:59] [L3-NOTICE ]: Admin registered new user BronzeMember with user_type = 1
[2017-07-23 14:55:03] [L3-NOTICE ]: Admin registered new user SilverMember with user_type = 1
[2017-07-23 14:56:09] [L3-NOTICE ]: Admin registered new user GoldMember with user_type = 1
[2017-07-23 14:58:20] [L3-NOTICE ]: Admin registered new user PlatinumMember with user_type = 1
[2017-07-23 15:00:08] [L3-NOTICE ]: Admin registered new user DiamondMember with user_type = 1
[2017-07-23 15:01:38] [L3-NOTICE ]: Admin registered new user MasterMember with user_type = 1
[2017-07-23 15:02:50] [L3-NOTICE ]: Admin registered new user GrandMasterMember with user_type = 1
[2017-07-23 15:03:18] [L3-NOTICE ]: User webmaster logged out
[2017-07-23 15:03:47] [L2-WARNING]: Login failed for user bclassmember- incorrect password
[2017-07-23 15:04:09] [L3-NOTICE ]: User bclassmember logged in
[2017-07-23 15:04:27] [L3-NOTICE ]: User BClassMember logged out
[2017-07-23 15:04:38] [L2-WARNING]: Login failed for user cclassmember- incorrect password
[2017-07-23 15:05:01] [L3-NOTICE ]: User cclassmember logged in
[2017-07-23 15:05:04] [L3-NOTICE ]: User CClassMember logged out
[2017-07-23 15:06:51] [L2-WARNING]: Login failed for user dclassmember- incorrect password
[2017-07-23 15:07:02] [L3-NOTICE ]: User dclassmember logged in
[2017-07-23 15:07:08] [L3-NOTICE ]: User DClassMember logged out
[2017-07-23 15:07:15] [L3-NOTICE ]: User eclassmember logged in
[2017-07-23 15:07:28] [L3-NOTICE ]: User EClassMember logged out
[2017-07-23 15:08:08] [L3-NOTICE ]: User webmaster logged in
[2017-07-23 15:08:39] [L3-NOTICE ]: Admin registered new user ScoreKeeper with user_type = 2
[2017-07-23 15:09:29] [L3-NOTICE ]: Admin registered new user ClubPresident with user_type = 3
[2017-07-23 15:10:48] [L3-NOTICE ]: Admin registered new user UnrankedMember with user_type = 1
[2017-07-23 15:25:48] [L4-DEBUG  ]: getAllUpcomingEvents returned 2 rows
[2017-07-23 15:38:08] [L3-NOTICE ]: User webmaster logged out
[2017-07-23 17:34:28] [L4-DEBUG  ]: getAllUpcomingEvents returned 2 rows
[2017-07-23 17:42:58] [L4-DEBUG  ]: getAllUpcomingEvents returned 4 rows
[2017-07-24 04:59:19] [L1-SEVERE ]: MySQL Connection failed! SmashClub is down.
[2017-07-24 04:59:19] [L1-SEVERE ]: 
[2017-07-24 05:00:04] [L1-SEVERE ]: MySQL Connection failed! SmashClub is down.
[2017-07-24 05:00:04] [L1-SEVERE ]: 
[2017-07-25 00:13:38] [L4-DEBUG  ]: getAllUpcomingEvents returned 4 rows
[2017-07-25 00:24:26] [L3-NOTICE ]: User webmaster logged in
[2017-07-25 00:42:56] [L3-NOTICE ]: User webmaster logged out
[2017-07-25 00:44:12] [L3-NOTICE ]: User eclassmember logged in
[2017-07-25 01:32:03] [L3-NOTICE ]: User EClassMember logged out
[2017-07-25 01:32:13] [L3-NOTICE ]: User dclassmember logged in
[2017-07-25 04:33:17] [L3-NOTICE ]: User DClassMember logged out
[2017-07-25 04:44:01] [L3-NOTICE ]: User cclassmember logged in
[2017-07-25 04:56:57] [L4-DEBUG  ]: getAllCurrentRankData called with order=0
[2017-07-25 04:58:39] [L4-DEBUG  ]: getAllCurrentRankData called with order=0
[2017-07-25 05:00:15] [L4-DEBUG  ]: getAllCurrentRankData called with order=0
[2017-07-25 05:00:43] [L4-DEBUG  ]: getAllCurrentRankData called with order=0
[2017-07-25 05:02:57] [L4-DEBUG  ]: getAllCurrentRankData called with order=0
[2017-07-25 05:03:19] [L4-DEBUG  ]: getAllCurrentRankData called with order=1
[2017-07-25 05:03:38] [L4-DEBUG  ]: getAllCurrentRankData called with order=0
[2017-07-25 05:04:09] [L4-DEBUG  ]: getAllCurrentRankData called with order=0
[2017-07-25 05:04:30] [L4-DEBUG  ]: getAllCurrentRankData called with order=0
[2017-07-25 05:04:34] [L4-DEBUG  ]: getAllCurrentRankData called with order=4
[2017-07-25 05:04:55] [L4-DEBUG  ]: getAllCurrentRankData called with order=4
[2017-07-25 05:05:04] [L4-DEBUG  ]: getAllCurrentRankData called with order=0
[2017-07-25 05:08:06] [L4-DEBUG  ]: getAllCurrentRankData called with order=0
[2017-07-25 05:10:29] [L4-DEBUG  ]: getAllCurrentRankData called with order=0
[2017-07-25 05:10:41] [L4-DEBUG  ]: getAllCurrentRankData called with order=0
[2017-07-25 05:11:55] [L4-DEBUG  ]: getAllCurrentRankData called with order=0
[2017-07-25 05:12:17] [L4-DEBUG  ]: getAllCurrentRankData called with order=0
[2017-07-25 05:12:21] [L4-DEBUG  ]: getAllUpcomingEvents returned 4 rows
[2017-07-25 05:12:25] [L4-DEBUG  ]: getAllCurrentRankData called with order=0
[2017-07-25 05:15:49] [L4-DEBUG  ]: getAllCurrentRankData called with order=0
[2017-07-25 05:16:09] [L4-DEBUG  ]: getAllCurrentRankData called with order=0
[2017-07-25 05:19:29] [L3-NOTICE ]: User CClassMember logged out
[2017-07-25 05:19:34] [L4-DEBUG  ]: getAllUpcomingEvents returned 4 rows
[2017-07-25 05:19:47] [L3-NOTICE ]: User webmaster logged in
[2017-07-25 05:24:34] [L4-DEBUG  ]: getAllCurrentRankData called with order=0
[2017-07-25 05:24:46] [L4-DEBUG  ]: getAllCurrentRankData called with order=0
[2017-07-25 05:36:16] [L4-DEBUG  ]: getProfilesByUsername called with search=, staffonly=
[2017-07-25 05:36:42] [L4-DEBUG  ]: getProfilesByUsername called with search=, staffonly=
[2017-07-25 05:37:28] [L3-NOTICE ]: User webmaster logged out
[2017-07-25 05:37:32] [L4-DEBUG  ]: getProfilesByUsername called with search=, staffonly=
[2017-07-25 05:38:15] [L4-DEBUG  ]: getProfilesByUsername called with search=, staffonly=
[2017-07-25 05:38:50] [L4-DEBUG  ]: getProfilesByUsername called with search=, staffonly=1
[2017-07-25 05:40:24] [L4-DEBUG  ]: getProfilesByUsername called with search=, staffonly=1
[2017-07-25 05:40:44] [L4-DEBUG  ]: getProfilesByUsername called with search=, staffonly=1
[2017-07-25 05:41:12] [L4-DEBUG  ]: getProfilesByUsername called with search=, staffonly=1
[2017-07-25 05:41:24] [L2-WARNING]: Login failed for user eclassmember- incorrect password
[2017-07-25 05:41:27] [L4-DEBUG  ]: getProfilesByUsername called with search=, staffonly=1
[2017-07-25 05:41:32] [L3-NOTICE ]: User eclassmember logged in
[2017-07-25 05:42:07] [L4-DEBUG  ]: getProfilesByUsername called with search=, staffonly=
[2017-07-25 05:42:52] [L4-DEBUG  ]: getProfilesByUsername called with search=, staffonly=
[2017-07-25 05:43:03] [L4-DEBUG  ]: getProfilesByUsername called with search=class, staffonly=
[2017-07-25 05:43:33] [L4-DEBUG  ]: getProfilesByUsername called with search=, staffonly=
[2017-07-25 05:43:49] [L3-NOTICE ]: User EClassMember logged out
[2017-07-25 05:43:52] [L4-DEBUG  ]: getProfilesByUsername called with search=, staffonly=1
[2017-07-25 05:44:07] [L4-DEBUG  ]: getProfilesByUsername called with search=, staffonly=
[2017-07-25 05:45:21] [L4-DEBUG  ]: getProfilesByUsername called with search=, staffonly=1
[2017-07-25 05:50:05] [L4-DEBUG  ]: getProfilesByUsername called with search=, staffonly=
[2017-07-25 05:51:19] [L4-DEBUG  ]: getProfilesByUsername called with search=, staffonly=
[2017-07-25 05:51:54] [L4-DEBUG  ]: getProfilesByUsername called with search=, staffonly=
[2017-07-25 05:52:07] [L4-DEBUG  ]: getAllUpcomingEvents returned 4 rows
[2017-07-25 05:53:32] [L3-NOTICE ]: User bclassmember logged in
[2017-07-25 05:54:13] [L4-DEBUG  ]: getAllCurrentRankData called with order=0
[2017-07-25 05:56:07] [L3-NOTICE ]: User BClassMember logged out
[2017-07-25 05:56:19] [L2-WARNING]: Login failed for user clubpresident- incorrect password
[2017-07-25 05:56:29] [L3-NOTICE ]: User clubpresident logged in
[2017-07-25 05:57:03] [L3-NOTICE ]: User ClubPresident logged out
[2017-07-25 13:47:51] [L3-NOTICE ]: User bclassmember logged in
[2017-07-25 13:47:56] [L4-DEBUG  ]: getAllCurrentRankData called with order=0
[2017-07-25 14:27:08] [L3-NOTICE ]: User BClassMember logged out
[2017-07-26 00:40:35] [L4-DEBUG]: getProfilesByUsername called with search=, staffonly=
[2017-07-26 00:43:11] [L4-DEBUG]: getAllUpcomingEvents returned 4 rows
[2017-07-26 00:43:32] [L3-INFO ]: User eclassmember logged in
[2017-07-26 00:44:36] [L4-DEBUG]: getAllCurrentRankData called with order=0
[2017-07-26 00:44:53] [L4-DEBUG]: getAllCurrentRankData called with order=0
[2017-07-26 01:42:36] [L3-INFO ]: User EClassMember logged out
[2017-07-26 02:49:19] [L4-DEBUG]: getProfilesByUsername called with search=, staffonly=
[2017-07-26 02:55:05] [L2-WARN ]: Login failed for user eclasmember- name not valid
[2017-07-26 02:55:08] [L4-DEBUG]: getProfilesByUsername called with search=, staffonly=
[2017-07-26 02:55:16] [L3-INFO ]: User eclassmember logged in
[2017-07-26 02:56:51] [L1-ERROR]: getPollResponse FAILED
[2017-07-26 02:56:51] [L1-ERROR]: MySQL Error: Unknown column 'setting_name' in 'where clause'
[2017-07-26 05:08:39] [L1-ERROR]: getPollResponse FAILED
[2017-07-26 05:08:39] [L1-ERROR]: MySQL Error: Unknown column 'setting_name' in 'where clause'
[2017-07-26 05:08:59] [L1-ERROR]: getPollResponse FAILED
[2017-07-26 05:08:59] [L1-ERROR]: MySQL Error: Unknown column 'setting_name' in 'where clause'
[2017-07-26 05:09:21] [L1-ERROR]: getPollResponse FAILED
[2017-07-26 05:09:21] [L1-ERROR]: MySQL Error: Unknown column 'setting_name' in 'where clause'
[2017-07-26 05:09:43] [L1-ERROR]: getPollResponse FAILED
[2017-07-26 05:09:43] [L1-ERROR]: MySQL Error: Unknown column 'setting_name' in 'where clause'
[2017-07-26 05:12:08] [L4-DEBUG]: PollChoices size=3, value=Array
[2017-07-26 05:12:39] [L4-DEBUG]: PollChoices size=3, value=Array
[2017-07-26 05:13:05] [L4-DEBUG]: PollChoices size=3, value=Array
[2017-07-26 14:55:12] [L4-DEBUG]: PollChoices size=3, value=Array
[2017-07-26 14:58:09] [L4-DEBUG]: PollChoices size=3, value=Array
[2017-07-27 01:37:22] [L3-INFO ]: User aclassmember logged in
[2017-07-27 01:37:31] [L4-DEBUG]: PollChoices size=3, value=Array
[2017-07-27 01:38:04] [L3-INFO ]: User AClassMember logged out
[2017-07-27 01:38:19] [L3-INFO ]: User webmaster logged in
[2017-07-27 01:40:16] [L3-INFO ]: User webmaster logged out
[2017-07-27 01:41:52] [L4-DEBUG]: getProfilesByUsername called with search=, staffonly=
[2017-07-27 01:46:48] [L4-DEBUG]: getProfilesByUsername called with search=, staffonly=
[2017-07-27 01:47:46] [L3-INFO ]: User goldmember logged in
[2017-07-27 01:48:12] [L4-DEBUG]: getAllCurrentRankData called with order=0
[2017-07-27 01:50:32] [L4-DEBUG]: getAllCurrentRankData called with order=0
[2017-07-27 01:51:49] [L4-DEBUG]: getAllCurrentRankData called with order=0
[2017-07-27 01:52:10] [L4-DEBUG]: getAllCurrentRankData called with order=0
[2017-07-27 01:53:19] [L4-DEBUG]: getAllCurrentRankData called with order=0
[2017-07-27 01:55:44] [L4-DEBUG]: getAllCurrentRankData called with order=0
[2017-07-27 01:57:03] [L4-DEBUG]: getAllCurrentRankData called with order=0
[2017-07-27 01:58:20] [L4-DEBUG]: getProfilesByUsername called with search=, staffonly=
[2017-07-27 01:59:03] [L4-DEBUG]: getProfilesByUsername called with search=, staffonly=
[2017-07-27 03:06:01] [L4-DEBUG]: getProfilesByUsername called with search=, staffonly=
[2017-07-27 03:06:22] [L4-DEBUG]: getAllCurrentRankData called with order=0
[2017-07-27 03:06:35] [L4-DEBUG]: PollChoices size=3, value=Array
[2017-07-27 03:07:27] [L4-DEBUG]: getAllUpcomingEvents returned 4 rows
[2017-07-27 03:09:01] [L4-DEBUG]: getProfilesByUsername called with search=, staffonly=
[2017-07-27 03:11:05] [L4-DEBUG]: PollChoices size=3, value=Array
[2017-07-27 03:21:31] [L4-DEBUG]: getProfilesByUsername called with search=, staffonly=
[2017-07-27 03:23:58] [L4-DEBUG]: getAllUpcomingEvents returned 4 rows
[2017-07-27 03:24:58] [L4-DEBUG]: getProfilesByUsername called with search=, staffonly=
[2017-07-27 03:26:33] [L3-INFO ]: User GoldMember logged out
[2017-07-27 03:26:42] [L4-DEBUG]: getAllUpcomingEvents returned 4 rows
[2017-07-27 04:23:24] [L4-DEBUG]: getProfilesByUsername called with search=, staffonly=
[2017-07-28 04:47:19] [L3-INFO ]: User cclassmember logged in
[2017-07-28 04:47:44] [L4-DEBUG]: getAllCurrentRankData called with order=0
[2017-07-28 17:52:06] [L1-ERROR]: MySQL Connection failed! SmashClub is down.
[2017-07-28 17:52:06] [L1-ERROR]: 
[2017-07-28 17:55:36] [L4-DEBUG]: getProfilesByUsername called with search=, staffonly=
[2017-07-28 17:55:55] [L4-DEBUG]: getAllCurrentRankData called with order=0
[2017-07-28 17:57:11] [L4-DEBUG]: PollChoices size=3, value=Array
[2017-07-28 17:58:59] [L4-DEBUG]: getAllUpcomingEvents returned 4 rows
[2017-07-28 18:05:42] [L4-DEBUG]: getProfilesByUsername called with search=, staffonly=
[2017-07-28 18:12:03] [L4-DEBUG]: getAllCurrentRankData called with order=0
[2017-07-28 20:14:49] [L3-INFO ]: User aclassmember logged in
[2017-07-28 21:01:18] [L4-DEBUG]: getProfilesByUsername called with search=, staffonly=
[2017-07-28 21:08:32] [L3-INFO ]: User AClassMember logged out
[2017-07-29 15:09:12] [L4-DEBUG]: getProfilesByUsername called with search=, staffonly=
[2017-07-29 16:44:34] [L3-INFO ]: User aclassmember logged in
[2017-07-29 16:48:51] [L4-DEBUG]: getAllCurrentRankData called with order=0
[2017-07-29 16:49:17] [L4-DEBUG]: getProfilesByUsername called with search=, staffonly=
[2017-07-29 16:50:05] [L4-DEBUG]: getAllCurrentRankData called with order=0
[2017-07-29 17:12:32] [L4-DEBUG]: getAllCurrentRankData called with order=0
[2017-07-29 17:18:43] [L4-DEBUG]: getAllCurrentRankData called with order=1
[2017-07-29 17:20:15] [L1-ERROR]: getRankHistoryBySeason failed with order=0
[2017-07-29 17:20:15] [L1-ERROR]: Query: SELECT * FROM user_rank_history
	INNER JOIN user_authentication ON user_rank_history.uuid = user_authentication.uuid
	WHERE season_id = '1' ORDER BY rank_final DESC
[2017-07-29 17:20:15] [L1-ERROR]: MySQL Error: Unknown column 'season_id' in 'where clause'
[2017-07-29 17:21:16] [L4-DEBUG]: getRankHistoryBySeason called with order=0
[2017-07-29 17:22:03] [L4-DEBUG]: getRankHistoryBySeason called with order=0
[2017-07-29 17:27:50] [L4-DEBUG]: getAllCurrentRankData called with order=1
[2017-07-29 17:28:22] [L4-DEBUG]: getRankHistoryBySeason called with order=0
[2017-07-29 17:55:29] [L2-WARN ]: User accessed ranking records with no season-id. Possible defect.
[2017-07-29 17:55:29] [L4-DEBUG]: getRankHistoryBySeason called with order=0
[2017-07-29 22:09:38] [L4-DEBUG]: getRankHistoryBySeason called with order=0
[2017-07-29 22:10:07] [L4-DEBUG]: getRankHistoryBySeason called with order=0
[2017-07-29 22:24:22] [L4-DEBUG]: getProfilesByUsername called with search=, staffonly=
[2017-07-29 22:27:19] [L4-DEBUG]: getProfilesByUsername called with search=, staffonly=
[2017-07-30 00:41:03] [L3-INFO ]: User AClassMember logged out
[2017-07-30 00:41:39] [L2-WARN ]: Login failed for user scorekeeper- incorrect password
[2017-07-30 00:41:43] [L3-INFO ]: User scorekeeper logged in
[2017-07-30 00:47:51] [L3-INFO ]: User ScoreKeeper logged out
[2017-07-30 01:17:15] [L2-WARN ]: Anonymous user attempted to access Score Entry without authorization
[2017-07-30 01:17:15] [L3-INFO ]: Error page was displayed with e=401
[2017-07-30 01:18:16] [L3-INFO ]: User aclassmember logged in
[2017-07-30 01:18:22] [L2-WARN ]: User AClassMember attempted to access Score Entry without authorization
[2017-07-30 01:18:22] [L3-INFO ]: Error page was displayed with e=403
[2017-07-30 01:21:33] [L3-INFO ]: Error page was displayed with e=403
[2017-07-30 01:22:26] [L3-INFO ]: Error page was displayed with e=403
[2017-07-30 01:22:55] [L3-INFO ]: Error page was displayed with e=403
[2017-07-30 01:23:04] [L3-INFO ]: Error page was displayed with e=401
[2017-07-30 01:23:24] [L3-INFO ]: Error page was displayed with e=100
[2017-07-30 01:23:36] [L3-INFO ]: Error page was displayed with e=404
[2017-07-30 01:23:48] [L3-INFO ]: Error page was displayed with e=500
[2017-07-30 01:24:08] [L3-INFO ]: User AClassMember logged out
[2017-07-30 01:24:14] [L2-WARN ]: Login failed for user scorekeeper- incorrect password
[2017-07-30 01:24:18] [L3-INFO ]: User scorekeeper logged in
[2017-07-30 01:24:38] [L3-INFO ]: User ScoreKeeper logged out
[2017-07-30 01:39:32] [L3-INFO ]: User bclassmember logged in
[2017-07-30 01:45:39] [L3-INFO ]: User BClassMember logged out
[2017-07-30 01:47:04] [L3-INFO ]: User scorekeeper logged in
